# JRE version: Java(TM) SE Runtime Environment (7.0_76-b13) (build 1.7.0_76-b13)
# Java VM: Java HotSpot(TM) 64-Bit Server VM (24.76-b04 mixed mode linux-amd64 compressed oops)
Heap
 def new generation   total 62400K, used 744K [0x00000000bae00000, 0x00000000bf1b0000, 0x00000000d0350000)
  eden space 55488K,   1% used [0x00000000bae00000, 0x00000000baeba2d8, 0x00000000be430000)
  from space 6912K,   0% used [0x00000000beaf0000, 0x00000000beaf0000, 0x00000000bf1b0000)
  to   space 6912K,   0% used [0x00000000be430000, 0x00000000be430000, 0x00000000beaf0000)
 tenured generation   total 145064K, used 145064K [0x00000000d0350000, 0x00000000d90fa000, 0x00000000fae00000)
   the space 145064K, 100% used [0x00000000d0350000, 0x00000000d90fa000, 0x00000000d90fa000, 0x00000000d90fa000)
 compacting perm gen  total 21248K, used 5925K [0x00000000fae00000, 0x00000000fc2c0000, 0x0000000100000000)
   the space 21248K,  27% used [0x00000000fae00000, 0x00000000fb3c9580, 0x00000000fb3c9600, 0x00000000fc2c0000)
GC Heap History (10 events):
Event: 17.455 GC heap after
Heap after GC invocations=47 (full 5):
 def new generation   total 62400K, used 6912K [0x00000000bae00000, 0x00000000bf1b0000, 0x00000000d0350000)
  eden space 55488K,   0% used [0x00000000bae00000, 0x00000000bae00000, 0x00000000be430000)
  from space 6912K, 100% used [0x00000000be430000, 0x00000000beaf0000, 0x00000000beaf0000)
  to   space 6912K,   0% used [0x00000000beaf0000, 0x00000000beaf0000, 0x00000000bf1b0000)
 tenured generation   total 138536K, used 110601K [0x00000000d0350000, 0x00000000d8a9a000, 0x00000000fae00000)
   the space 138536K,  79% used [0x00000000d0350000, 0x00000000d6f52568, 0x00000000d6f52600, 0x00000000d8a9a000)
 compacting perm gen  total 21248K, used 5689K [0x00000000fae00000, 0x00000000fc2c0000, 0x0000000100000000)
   the space 21248K,  26% used [0x00000000fae00000, 0x00000000fb38e488, 0x00000000fb38e600, 0x00000000fc2c0000)
No shared spaces configured.
}
Event: 17.592 GC heap before
{Heap before GC invocations=47 (full 5):
 def new generation   total 62400K, used 62400K [0x00000000bae00000, 0x00000000bf1b0000, 0x00000000d0350000)
  eden space 55488K, 100% used [0x00000000bae00000, 0x00000000be430000, 0x00000000be430000)
  from space 6912K, 100% used [0x00000000be430000, 0x00000000beaf0000, 0x00000000beaf0000)
  to   space 6912K,   0% used [0x00000000beaf0000, 0x00000000beaf0000, 0x00000000bf1b0000)
 tenured generation   total 138536K, used 110601K [0x00000000d0350000, 0x00000000d8a9a000, 0x00000000fae00000)
   the space 138536K,  79% used [0x00000000d0350000, 0x00000000d6f52568, 0x00000000d6f52600, 0x00000000d8a9a000)
 compacting perm gen  total 21248K, used 5691K [0x00000000fae00000, 0x00000000fc2c0000, 0x0000000100000000)
   the space 21248K,  26% used [0x00000000fae00000, 0x00000000fb38ef58, 0x00000000fb38f000, 0x00000000fc2c0000)
No shared spaces configured.
Event: 17.614 GC heap after
Heap after GC invocations=48 (full 5):
 def new generation   total 62400K, used 5228K [0x00000000bae00000, 0x00000000bf1b0000, 0x00000000d0350000)
  eden space 55488K,   0% used [0x00000000bae00000, 0x00000000bae00000, 0x00000000be430000)
  from space 6912K,  75% used [0x00000000beaf0000, 0x00000000bf00b118, 0x00000000bf1b0000)
  to   space 6912K,   0% used [0x00000000be430000, 0x00000000be430000, 0x00000000beaf0000)
 tenured generation   total 138536K, used 115972K [0x00000000d0350000, 0x00000000d8a9a000, 0x00000000fae00000)
   the space 138536K,  83% used [0x00000000d0350000, 0x00000000d74910c8, 0x00000000d7491200, 0x00000000d8a9a000)
 compacting perm gen  total 21248K, used 5691K [0x00000000fae00000, 0x00000000fc2c0000, 0x0000000100000000)
   the space 21248K,  26% used [0x00000000fae00000, 0x00000000fb38ef58, 0x00000000fb38f000, 0x00000000fc2c0000)
No shared spaces configured.
}
Event: 17.752 GC heap before
{Heap before GC invocations=48 (full 5):
 def new generation   total 62400K, used 60716K [0x00000000bae00000, 0x00000000bf1b0000, 0x00000000d0350000)
  eden space 55488K, 100% used [0x00000000bae00000, 0x00000000be430000, 0x00000000be430000)
  from space 6912K,  75% used [0x00000000beaf0000, 0x00000000bf00b118, 0x00000000bf1b0000)
  to   space 6912K,   0% used [0x00000000be430000, 0x00000000be430000, 0x00000000beaf0000)
 tenured generation   total 138536K, used 115972K [0x00000000d0350000, 0x00000000d8a9a000, 0x00000000fae00000)
   the space 138536K,  83% used [0x00000000d0350000, 0x00000000d74910c8, 0x00000000d7491200, 0x00000000d8a9a000)
 compacting perm gen  total 21248K, used 5696K [0x00000000fae00000, 0x00000000fc2c0000, 0x0000000100000000)
   the space 21248K,  26% used [0x00000000fae00000, 0x00000000fb390250, 0x00000000fb390400, 0x00000000fc2c0000)
No shared spaces configured.
Event: 17.772 GC heap after
Heap after GC invocations=49 (full 5):
 def new generation   total 62400K, used 5872K [0x00000000bae00000, 0x00000000bf1b0000, 0x00000000d0350000)
  eden space 55488K,   0% used [0x00000000bae00000, 0x00000000bae00000, 0x00000000be430000)
  from space 6912K,  84% used [0x00000000be430000, 0x00000000be9ec1c8, 0x00000000beaf0000)
  to   space 6912K,   0% used [0x00000000beaf0000, 0x00000000beaf0000, 0x00000000bf1b0000)
 tenured generation   total 138536K, used 121091K [0x00000000d0350000, 0x00000000d8a9a000, 0x00000000fae00000)
   the space 138536K,  87% used [0x00000000d0350000, 0x00000000d7990dc0, 0x00000000d7990e00, 0x00000000d8a9a000)
 compacting perm gen  total 21248K, used 5696K [0x00000000fae00000, 0x00000000fc2c0000, 0x0000000100000000)
   the space 21248K,  26% used [0x00000000fae00000, 0x00000000fb390250, 0x00000000fb390400, 0x00000000fc2c0000)
No shared spaces configured.
}
Event: 17.973 GC heap before
{Heap before GC invocations=49 (full 5):
 def new generation   total 62400K, used 61360K [0x00000000bae00000, 0x00000000bf1b0000, 0x00000000d0350000)
  eden space 55488K, 100% used [0x00000000bae00000, 0x00000000be430000, 0x00000000be430000)
  from space 6912K,  84% used [0x00000000be430000, 0x00000000be9ec1c8, 0x00000000beaf0000)
  to   space 6912K,   0% used [0x00000000beaf0000, 0x00000000beaf0000, 0x00000000bf1b0000)
 tenured generation   total 138536K, used 121091K [0x00000000d0350000, 0x00000000d8a9a000, 0x00000000fae00000)
   the space 138536K,  87% used [0x00000000d0350000, 0x00000000d7990dc0, 0x00000000d7990e00, 0x00000000d8a9a000)
 compacting perm gen  total 21248K, used 5698K [0x00000000fae00000, 0x00000000fc2c0000, 0x0000000100000000)
   the space 21248K,  26% used [0x00000000fae00000, 0x00000000fb390910, 0x00000000fb390a00, 0x00000000fc2c0000)
No shared spaces configured.
Event: 17.996 GC heap after
Heap after GC invocations=50 (full 5):
 def new generation   total 62400K, used 6744K [0x00000000bae00000, 0x00000000bf1b0000, 0x00000000d0350000)
  eden space 55488K,   0% used [0x00000000bae00000, 0x00000000bae00000, 0x00000000be430000)
  from space 6912K,  97% used [0x00000000beaf0000, 0x00000000bf1861f0, 0x00000000bf1b0000)
  to   space 6912K,   0% used [0x00000000be430000, 0x00000000be430000, 0x00000000beaf0000)
 tenured generation   total 138536K, used 126626K [0x00000000d0350000, 0x00000000d8a9a000, 0x00000000fae00000)
   the space 138536K,  91% used [0x00000000d0350000, 0x00000000d7ef8b58, 0x00000000d7ef8c00, 0x00000000d8a9a000)
 compacting perm gen  total 21248K, used 5698K [0x00000000fae00000, 0x00000000fc2c0000, 0x0000000100000000)
   the space 21248K,  26% used [0x00000000fae00000, 0x00000000fb390910, 0x00000000fb390a00, 0x00000000fc2c0000)
No shared spaces configured.
}
Event: 18.290 GC heap before
{Heap before GC invocations=50 (full 5):
 def new generation   total 62400K, used 62232K [0x00000000bae00000, 0x00000000bf1b0000, 0x00000000d0350000)
  eden space 55488K, 100% used [0x00000000bae00000, 0x00000000be430000, 0x00000000be430000)
  from space 6912K,  97% used [0x00000000beaf0000, 0x00000000bf1861f0, 0x00000000bf1b0000)
  to   space 6912K,   0% used [0x00000000be430000, 0x00000000be430000, 0x00000000beaf0000)
 tenured generation   total 138536K, used 126626K [0x00000000d0350000, 0x00000000d8a9a000, 0x00000000fae00000)
   the space 138536K,  91% used [0x00000000d0350000, 0x00000000d7ef8b58, 0x00000000d7ef8c00, 0x00000000d8a9a000)
 compacting perm gen  total 21248K, used 5702K [0x00000000fae00000, 0x00000000fc2c0000, 0x0000000100000000)
   the space 21248K,  26% used [0x00000000fae00000, 0x00000000fb391948, 0x00000000fb391a00, 0x00000000fc2c0000)
No shared spaces configured.
Event: 18.319 GC heap after
Heap after GC invocations=51 (full 5):
 def new generation   total 62400K, used 6912K [0x00000000bae00000, 0x00000000bf1b0000, 0x00000000d0350000)
  eden space 55488K,   0% used [0x00000000bae00000, 0x00000000bae00000, 0x00000000be430000)
  from space 6912K, 100% used [0x00000000be430000, 0x00000000beaf0000, 0x00000000beaf0000)
  to   space 6912K,   0% used [0x00000000beaf0000, 0x00000000beaf0000, 0x00000000bf1b0000)
 tenured generation   total 138536K, used 134626K [0x00000000d0350000, 0x00000000d8a9a000, 0x00000000fae00000)
   the space 138536K,  97% used [0x00000000d0350000, 0x00000000d86c8be8, 0x00000000d86c8c00, 0x00000000d8a9a000)
 compacting perm gen  total 21248K, used 5702K [0x00000000fae00000, 0x00000000fc2c0000, 0x0000000100000000)
   the space 21248K,  26% used [0x00000000fae00000, 0x00000000fb391948, 0x00000000fb391a00, 0x00000000fc2c0000)
No shared spaces configured.
}
Event: 19.632 GC heap before
{Heap before GC invocations=51 (full 5):
 def new generation   total 62400K, used 62400K [0x00000000bae00000, 0x00000000bf1b0000, 0x00000000d0350000)
  eden space 55488K, 100% used [0x00000000bae00000, 0x00000000be430000, 0x00000000be430000)
  from space 6912K, 100% used [0x00000000be430000, 0x00000000beaf0000, 0x00000000beaf0000)
  to   space 6912K,   0% used [0x00000000beaf0000, 0x00000000beaf0000, 0x00000000bf1b0000)
 tenured generation   total 138536K, used 134626K [0x00000000d0350000, 0x00000000d8a9a000, 0x00000000fae00000)
   the space 138536K,  97% used [0x00000000d0350000, 0x00000000d86c8be8, 0x00000000d86c8c00, 0x00000000d8a9a000)
 compacting perm gen  total 21248K, used 5925K [0x00000000fae00000, 0x00000000fc2c0000, 0x0000000100000000)
   the space 21248K,  27% used [0x00000000fae00000, 0x00000000fb3c9580, 0x00000000fb3c9600, 0x00000000fc2c0000)
No shared spaces configured.

